#
# There is insufficient memory for the Java Runtime Environment to continue.
# Native memory allocation (mmap) failed to map 528482304 bytes. Error detail: G1 virtual space
# Possible reasons:
#   The system is out of physical RAM or swap space
#   This process is running with CompressedOops enabled, and the Java Heap may be blocking the growth of the native heap
# Possible solutions:
#   Reduce memory load on the system
#   Increase physical memory or swap space
#   Check if swap backing store is full
#   Decrease Java heap size (-Xmx/-Xms)
#   Decrease number of Java threads
#   Decrease Java thread stack sizes (-Xss)
#   Set larger code cache with -XX:ReservedCodeCacheSize=
#   JVM is running with Zero Based Compressed Oops mode in which the Java heap is
#     placed in the first 32GB address space. The Java Heap base address is the
#     maximum limit for the native heap growth. Please use -XX:HeapBaseMinAddress
#     to set the Java Heap base and to place the Java Heap above 32GB virtual address.
# This output file may be truncated or incomplete.
#
#  Out of Memory Error (os_windows.cpp:3898), pid=129640, tid=132120
#
# JRE version:  (21.0.7+6) (build )
# Java VM: OpenJDK 64-Bit Server VM (21.0.7+6-b1038.58, mixed mode, sharing, tiered, compressed oops, compressed class ptrs, g1 gc, windows-amd64)
# No core dump will be written. Minidumps are not enabled by default on client versions of Windows
#

---------------  S U M M A R Y ------------

Command Line: git4idea.http.GitAskPassApp Password for 'https://creditguarantee@dev.azure.com/creditguarantee/Tech%20Foundation/_git/webautomation': 

Host: Intel(R) Core(TM) Ultra 7 265U, 14 cores, 31G,  Windows 11 , 64 bit Build 26100 (10.0.26100.4484)
Time: Fri Aug 22 12:29:37 2025 South Africa Standard Time elapsed time: 2.018734 seconds (0d 0h 0m 2s)

---------------  T H R E A D  ---------------

Current thread (0x00000235260b3660):  JavaThread "Unknown thread" [_thread_in_vm, id=132120, stack(0x0000003dbd200000,0x0000003dbd300000) (1024K)]

Stack: [0x0000003dbd200000,0x0000003dbd300000]
Native frames: (J=compiled Java code, j=interpreted, Vv=VM code, C=native code)
V  [jvm.dll+0x6e7c19]
V  [jvm.dll+0x8c5f53]
V  [jvm.dll+0x8c84ae]
V  [jvm.dll+0x8c8b93]
V  [jvm.dll+0x2899e6]
V  [jvm.dll+0x6e4455]
V  [jvm.dll+0x6d7f1a]
V  [jvm.dll+0x3640db]
V  [jvm.dll+0x36bca6]
V  [jvm.dll+0x3be046]
V  [jvm.dll+0x3be318]
V  [jvm.dll+0x33681c]
V  [jvm.dll+0x33750b]
V  [jvm.dll+0x88d3b9]
V  [jvm.dll+0x3cb218]
V  [jvm.dll+0x876408]
V  [jvm.dll+0x45ff5e]
V  [jvm.dll+0x461c41]
C  [jli.dll+0x52ab]
C  [ucrtbase.dll+0x37b0]
C  [KERNEL32.DLL+0x2e8d7]
C  [ntdll.dll+0x3c34c]


---------------  P R O C E S S  ---------------

Threads class SMR info:
_java_thread_list=0x00007ffdb015d188, length=0, elements={
}

Java Threads: ( => current thread )
Total: 0

Other Threads:
  0x0000023528a7c820 WorkerThread "GC Thread#0"                     [id=60860, stack(0x0000003dbd300000,0x0000003dbd400000) (1024K)]
  0x0000023528a8d6d0 ConcurrentGCThread "G1 Main Marker"            [id=147288, stack(0x0000003dbd400000,0x0000003dbd500000) (1024K)]
  0x0000023545dd0080 WorkerThread "G1 Conc#0"                       [id=153976, stack(0x0000003dbd500000,0x0000003dbd600000) (1024K)]

[error occurred during error reporting (printing all threads), id 0xc0000005, EXCEPTION_ACCESS_VIOLATION (0xc0000005) at pc=0x00007ffdaf8498f7]
VM state: not at safepoint (not fully initialized)

VM Mutex/Monitor currently owned by a thread:  ([mutex/lock_event])
[0x00007ffdb01d1bc8] Heap_lock - owner thread: 0x00000235260b3660

Heap address: 0x0000000608800000, size: 8056 MB, Compressed Oops mode: Zero based, Oop shift amount: 3

CDS archive(s) mapped at: [0x0000000000000000-0x0000000000000000-0x0000000000000000), size 0, SharedBaseAddress: 0x0000000800000000, ArchiveRelocationMode: 1.
Narrow klass base: 0x0000000000000000, Narrow klass shift: 0, Narrow klass range: 0x0

GC Precious Log:
 CardTable entry size: 512
 Card Set container configuration: InlinePtr #cards 4 size 8 Array Of Cards #cards 32 size 80 Howl #buckets 8 coarsen threshold 7372 Howl Bitmap #cards 1024 size 144 coarsen threshold 921 Card regions per heap region 1 cards per card region 8192

Heap:
 garbage-first heap   total 0K, used 0K [0x0000000608800000, 0x0000000800000000)
  region size 4096K, 0 young (0K), 0 survivors (0K)
 Metaspace       used 0K, committed 0K, reserved 0K
  class space    used 0K, committed 0K, reserved 0K

Heap Regions: E=young(eden), S=young(survivor), O=old, HS=humongous(starts), HC=humongous(continues), CS=collection set, F=free, TAMS=top-at-mark-start, PB=parsable bottom

Card table byte_map: [0x000002353d030000,0x000002353dff0000] _byte_map_base: 0x0000023539fec000

Marking Bits: (CMBitMap*) 0x0000023528a7cf20
 Bits: [0x000002353dff0000, 0x0000023545dd0000)

GC Heap History (0 events):
No events

Dll operation events (1 events):
Event: 0.014 Loaded shared library C:\Program Files\JetBrains\IntelliJ IDEA 2025.2\jbr\bin\java.dll

Deoptimization events (0 events):
No events

Classes loaded (0 events):
No events

Classes unloaded (0 events):
No events

Classes redefined (0 events):
No events

Internal exceptions (0 events):
No events

ZGC Phase Switch (0 events):
No events

VM Operations (0 events):
No events

Memory protections (0 events):
No events

Nmethod flushes (0 events):
No events

Events (0 events):
No events


Dynamic libraries:
0x00007ff60e3b0000 - 0x00007ff60e3ba000 	C:\Program Files\JetBrains\IntelliJ IDEA 2025.2\jbr\bin\java.exe
0x00007ffe3a980000 - 0x00007ffe3abe8000 	C:\WINDOWS\SYSTEM32\ntdll.dll
0x00007ffe3a790000 - 0x00007ffe3a859000 	C:\WINDOWS\System32\KERNEL32.DLL
0x00007ffe37e60000 - 0x00007ffe3824d000 	C:\WINDOWS\System32\KERNELBASE.dll
0x00007ffe377e0000 - 0x00007ffe37986000 	C:\Windows\system32\hmpalert.dll
0x00007ffe37620000 - 0x00007ffe377da000 	C:\WINDOWS\System32\SophosED\SophosED.dll
0x00007ffe37ce0000 - 0x00007ffe37e2b000 	C:\WINDOWS\System32\ucrtbase.dll
0x00007ffe32750000 - 0x00007ffe3276b000 	C:\Program Files\JetBrains\IntelliJ IDEA 2025.2\jbr\bin\VCRUNTIME140.dll
0x00007ffe01190000 - 0x00007ffe011a8000 	C:\Program Files\JetBrains\IntelliJ IDEA 2025.2\jbr\bin\jli.dll
0x00007ffe39c50000 - 0x00007ffe39e1c000 	C:\WINDOWS\System32\USER32.dll
0x00007ffe37e30000 - 0x00007ffe37e57000 	C:\WINDOWS\System32\win32u.dll
0x00007ffe39190000 - 0x00007ffe391bb000 	C:\WINDOWS\System32\GDI32.dll
0x00007ffe383c0000 - 0x00007ffe384f7000 	C:\WINDOWS\System32\gdi32full.dll
0x00007ffe38250000 - 0x00007ffe382f3000 	C:\WINDOWS\System32\msvcp_win.dll
0x00007ffe1dbb0000 - 0x00007ffe1de4a000 	C:\WINDOWS\WinSxS\amd64_microsoft.windows.common-controls_6595b64144ccf1df_6.0.26100.4484_none_3e0e6d4ce32ef3b3\COMCTL32.dll
0x00007ffe3a5a0000 - 0x00007ffe3a649000 	C:\WINDOWS\System32\msvcrt.dll
0x00007ffe3a650000 - 0x00007ffe3a67f000 	C:\WINDOWS\System32\IMM32.DLL
0x00007ffe31600000 - 0x00007ffe3160c000 	C:\Program Files\JetBrains\IntelliJ IDEA 2025.2\jbr\bin\vcruntime140_1.dll
0x00007ffdce8d0000 - 0x00007ffdce95d000 	C:\Program Files\JetBrains\IntelliJ IDEA 2025.2\jbr\bin\msvcp140.dll
0x00007ffdaf500000 - 0x00007ffdb02c4000 	C:\Program Files\JetBrains\IntelliJ IDEA 2025.2\jbr\bin\server\jvm.dll
0x00007ffe3a870000 - 0x00007ffe3a924000 	C:\WINDOWS\System32\ADVAPI32.dll
0x00007ffe391c0000 - 0x00007ffe39266000 	C:\WINDOWS\System32\sechost.dll
0x00007ffe39e20000 - 0x00007ffe39f38000 	C:\WINDOWS\System32\RPCRT4.dll
0x00007ffe38850000 - 0x00007ffe388c4000 	C:\WINDOWS\System32\WS2_32.dll
0x00007ffe37410000 - 0x00007ffe3746e000 	C:\WINDOWS\SYSTEM32\POWRPROF.dll
0x00007ffe30f40000 - 0x00007ffe30f4b000 	C:\WINDOWS\SYSTEM32\VERSION.dll
0x00007ffe13920000 - 0x00007ffe13955000 	C:\WINDOWS\SYSTEM32\WINMM.dll
0x00007ffe373f0000 - 0x00007ffe37404000 	C:\WINDOWS\SYSTEM32\UMPDC.dll
0x00007ffe363a0000 - 0x00007ffe363bb000 	C:\WINDOWS\SYSTEM32\kernel.appcore.dll
0x00007ffe315f0000 - 0x00007ffe315fa000 	C:\Program Files\JetBrains\IntelliJ IDEA 2025.2\jbr\bin\jimage.dll
0x00007ffe34c30000 - 0x00007ffe34e71000 	C:\WINDOWS\SYSTEM32\DBGHELP.DLL
0x00007ffe39560000 - 0x00007ffe398e6000 	C:\WINDOWS\System32\combase.dll
0x00007ffe3a4b0000 - 0x00007ffe3a590000 	C:\WINDOWS\System32\OLEAUT32.dll
0x00007ffe265e0000 - 0x00007ffe26623000 	C:\WINDOWS\SYSTEM32\dbgcore.DLL
0x00007ffe38680000 - 0x00007ffe38719000 	C:\WINDOWS\System32\bcryptPrimitives.dll
0x00007ffe2f810000 - 0x00007ffe2f830000 	C:\Program Files\JetBrains\IntelliJ IDEA 2025.2\jbr\bin\java.dll

dbghelp: loaded successfully - version: 4.0.5 - missing functions: none
symbol engine: initialized successfully - sym options: 0x614 - pdb path: .;C:\Program Files\JetBrains\IntelliJ IDEA 2025.2\jbr\bin;C:\WINDOWS\SYSTEM32;C:\WINDOWS\System32\SophosED;C:\WINDOWS\WinSxS\amd64_microsoft.windows.common-controls_6595b64144ccf1df_6.0.26100.4484_none_3e0e6d4ce32ef3b3;C:\Program Files\JetBrains\IntelliJ IDEA 2025.2\jbr\bin\server

VM Arguments:
java_command: git4idea.http.GitAskPassApp Password for 'https://creditguarantee@dev.azure.com/creditguarantee/Tech%20Foundation/_git/webautomation': 
java_class_path (initial): C:/Program Files/JetBrains/IntelliJ IDEA 2025.2/plugins/vcs-git/lib/git4idea-rt.jar;C:/Program Files/JetBrains/IntelliJ IDEA 2025.2/lib/externalProcess-rt.jar
Launcher Type: SUN_STANDARD

[Global flags]
     intx CICompilerCount                          = 4                                         {product} {ergonomic}
     uint ConcGCThreads                            = 3                                         {product} {ergonomic}
     uint G1ConcRefinementThreads                  = 11                                        {product} {ergonomic}
   size_t G1HeapRegionSize                         = 4194304                                   {product} {ergonomic}
    uintx GCDrainStackTargetSize                   = 64                                        {product} {ergonomic}
   size_t InitialHeapSize                          = 528482304                                 {product} {ergonomic}
   size_t MarkStackSize                            = 4194304                                   {product} {ergonomic}
   size_t MaxHeapSize                              = 8447328256                                {product} {ergonomic}
   size_t MinHeapDeltaBytes                        = 4194304                                   {product} {ergonomic}
   size_t MinHeapSize                              = 8388608                                   {product} {ergonomic}
    uintx NonNMethodCodeHeapSize                   = 5839372                                {pd product} {ergonomic}
    uintx NonProfiledCodeHeapSize                  = 122909434                              {pd product} {ergonomic}
    uintx ProfiledCodeHeapSize                     = 122909434                              {pd product} {ergonomic}
    uintx ReservedCodeCacheSize                    = 251658240                              {pd product} {ergonomic}
     bool SegmentedCodeCache                       = true                                      {product} {ergonomic}
   size_t SoftMaxHeapSize                          = 8447328256                             {manageable} {ergonomic}
     bool UseCompressedOops                        = true                           {product lp64_product} {ergonomic}
     bool UseG1GC                                  = true                                      {product} {ergonomic}
     bool UseLargePagesIndividualAllocation        = false                                  {pd product} {ergonomic}

Logging:
Log output configuration:
 #0: stdout all=warning uptime,level,tags foldmultilines=false
 #1: stderr all=off uptime,level,tags foldmultilines=false

Environment Variables:
JAVA_HOME=C:\Program Files\Java\jdk-21
PATH=C:\Program Files\Git\mingw64\libexec\git-core;C:\Program Files\Git\mingw64\libexec\git-core;C:\Program Files\Git\mingw64\bin;C:\Program Files\Git\usr\bin;C:\Users\cgejr\bin;C:\Program Files\Common Files\Oracle\Java\javapath;C:\WINDOWS\system32;C:\WINDOWS;C:\WINDOWS\System32\Wbem;C:\WINDOWS\System32\WindowsPowerShell\v1.0;C:\WINDOWS\System32\OpenSSH;C:\Program Files\dotnet;C:\Program Files\PuTTY;C:\Program Files\Java\jdk-21\bin;C:\Program Files\Git\cmd;C:\Users\cgejr\AppData\Local\Microsoft\WindowsApps
USERNAME=CGEJR
DISPLAY=:0.0
LC_ALL=en_US.UTF-8
TERM=xterm-256color
TMPDIR=C:\Users\cgejr\AppData\Local\Temp
OS=Windows_NT
PROCESSOR_IDENTIFIER=Intel64 Family 6 Model 181 Stepping 0, GenuineIntel
TMP=C:\Users\cgejr\AppData\Local\Temp
TEMP=C:\Users\cgejr\AppData\Local\Temp




Periodic native trim disabled

JNI global refs:
JNI global refs: 0, weak refs: 0

JNI global refs memory usage: 0, weak refs: 0

Process memory usage:
Resident Set Size: 14812K (0% of 32985808K total physical memory with 3869404K free physical memory)

OOME stack traces (most recent first):
Classloader memory used:

---------------  S Y S T E M  ---------------

OS:
 Windows 11 , 64 bit Build 26100 (10.0.26100.4484)
OS uptime: 1 days 4:15 hours
Hyper-V role detected

CPU: total 14 (initial active 14) (7 cores per cpu, 2 threads per core) family 6 model 181 stepping 0 microcode 0x8, cx8, cmov, fxsr, ht, mmx, 3dnowpref, sse, sse2, sse3, ssse3, sse4.1, sse4.2, popcnt, lzcnt, tsc, tscinvbit, avx, avx2, aes, erms, clmul, bmi1, bmi2, adx, sha, fma, vzeroupper, clflush, clflushopt, clwb, hv, serialize, rdtscp, rdpid, fsrm, f16c, cet_ibt, cet_ss
Processor Information for processor 0
  Max Mhz: 2100, Current Mhz: 2100, Mhz Limit: 2100
Processor Information for processor 1
  Max Mhz: 2100, Current Mhz: 2100, Mhz Limit: 2100
Processor Information for processor 2
  Max Mhz: 1700, Current Mhz: 1478, Mhz Limit: 1700
Processor Information for processor 3
  Max Mhz: 1700, Current Mhz: 1478, Mhz Limit: 1700
Processor Information for processor 4
  Max Mhz: 1700, Current Mhz: 1478, Mhz Limit: 1700
Processor Information for processor 5
  Max Mhz: 1700, Current Mhz: 1700, Mhz Limit: 1700
Processor Information for processor 6
  Max Mhz: 1700, Current Mhz: 1478, Mhz Limit: 1700
Processor Information for processor 7
  Max Mhz: 1700, Current Mhz: 1478, Mhz Limit: 1700
Processor Information for processor 8
  Max Mhz: 1700, Current Mhz: 1478, Mhz Limit: 1700
Processor Information for processor 9
  Max Mhz: 1700, Current Mhz: 1700, Mhz Limit: 1700
Processor Information for processor 10
  Max Mhz: 2100, Current Mhz: 2100, Mhz Limit: 2100
Processor Information for processor 11
  Max Mhz: 2100, Current Mhz: 2100, Mhz Limit: 2100
Processor Information for processor 12
  Max Mhz: 700, Current Mhz: 700, Mhz Limit: 700
Processor Information for processor 13
  Max Mhz: 700, Current Mhz: 700, Mhz Limit: 700

Memory: 4k page, system-wide physical 32212M (3778M free)
TotalPageFile size 62359M (AvailPageFile size 119M)
current process WorkingSet (physical memory assigned to process): 14M, peak: 14M
current process commit charge ("private bytes"): 70M, peak: 573M

vm_info: OpenJDK 64-Bit Server VM (21.0.7+6-b1038.58) for windows-amd64 JRE (21.0.7+6-b1038.58), built on 2025-07-07 by "builduser" with MS VC++ 16.10 / 16.11 (VS2019)

END.
